<?xml version="1.0" encoding="UTF-8"?>
<!-- Generated by org.testng.reporters.JUnitReportReporter -->
<testsuite hostname="LAPPY" failures="0" tests="1" name="datapakg.data1" time="29.219" errors="0" timestamp="2023-02-15T13:27:26 IST" skipped="0">
  <testcase classname="datapakg.data1" name="datadriven" time="29.219"/>
  <system-out/>
</testsuite> <!-- datapakg.data1 -->
