<?xml version="1.0" encoding="UTF-8"?>
<!-- Generated by org.testng.reporters.JUnitReportReporter -->
<testsuite hostname="LAPPY" failures="0" tests="1" name="mobile.mob" time="39.960" errors="0" timestamp="2023-01-20T16:21:14 IST" skipped="0">
  <testcase classname="mobile.mob" name="f" time="39.960"/>
  <system-out/>
</testsuite> <!-- mobile.mob -->
