<?xml version="1.0" encoding="UTF-8"?>
<!-- Generated by org.testng.reporters.JUnitReportReporter -->
<testsuite hostname="LAPPY" failures="0" tests="9" name="task_rahuls.task12" time="41.068" errors="0" timestamp="2023-01-05T10:48:52 IST" skipped="0">
  <testcase classname="task_rahuls.task12" name="checkbox" time="6.625"/>
  <system-out/>
  <testcase classname="task_rahuls.task12" name="opentab" time="0.388"/>
  <system-out/>
  <testcase classname="task_rahuls.task12" name="radiobutton" time="6.935"/>
  <system-out/>
  <testcase classname="task_rahuls.task12" name="openwindow" time="11.113"/>
  <system-out/>
  <testcase classname="task_rahuls.task12" name="scroll" time="3.021"/>
  <system-out/>
  <testcase classname="task_rahuls.task12" name="dropdown" time="0.372"/>
  <system-out/>
  <testcase classname="task_rahuls.task12" name="alerts" time="7.433"/>
  <system-out/>
  <testcase classname="task_rahuls.task12" name="autosugg" time="2.645"/>
  <system-out/>
  <testcase classname="task_rahuls.task12" name="hideshow" time="2.536"/>
  <system-out/>
</testsuite> <!-- task_rahuls.task12 -->
